<?xml version="1.0" encoding="UTF-8"?>
<!-- Generated by org.testng.reporters.JUnitReportReporter -->
<testsuite hostname="DESKTOP-MTV8ACD" failures="0" tests="5" name="Test.TestRun" time="32.065" errors="1" timestamp="2022-10-16T22:21:46 CDT" skipped="0">
  <testcase classname="Test.TestRun" name="runScenario" time="3.141"/>
  <system-out/>
  <testcase classname="Test.TestRun" name="runScenario" time="4.614"/>
  <system-out/>
  <testcase classname="Test.TestRun" name="runScenario" time="2.626"/>
  <system-out/>
  <testcase classname="Test.TestRun" name="runScenario" time="19.057"/>
  <system-out/>
  <testcase classname="Test.TestRun" name="runScenario" time="2.627">
    <error message="Cannot invoke &quot;PageObjects.register_page.set_username(String)&quot; because &quot;this.rp&quot; is null" type="java.lang.NullPointerException">
      <![CDATA[java.lang.NullPointerException: Cannot invoke "PageObjects.register_page.set_username(String)" because "this.rp" is null
at StepDefinitions.steps_register.user_enter_usename(steps_register.java:69)
at ✽.user enter usename 3(classpath:features//register_DSalgo.feature:55)
]]>
    </error>
  </testcase> <!-- runScenario -->
  <system-out/>
</testsuite> <!-- Test.TestRun -->
